2025-09-09 06:58:47,050 |     INFO | clever_ai | setup_logging:91 | 🐛 Clever AI Debug System Initialized
2025-09-09 06:58:47,050 |     INFO | clever_ai | setup_logging:92 | Session ID: 20250909_065847
2025-09-09 06:58:47,050 |     INFO | clever_ai | setup_logging:93 | Debug Level: INFO
2025-09-09 06:58:47,050 |     INFO | clever_ai | info:108 | [HEALTH_MONITOR] System Health Monitor initialized
2025-09-09 06:58:47,050 |     INFO | clever_ai | info:108 | [ERROR_RECOVERY] Error Recovery System initialized
2025-09-09 06:58:47,051 |     INFO | clever_ai | info:108 | [TEST_SUITE] Clever Test Suite initialized
2025-09-09 06:58:47,051 |     INFO | clever_ai | info:108 | [APP] Debug and monitoring systems initialized
2025-09-09 06:58:47,051 |     INFO | clever_ai | info:108 | [APP] Clever AI configured for: Jay (lapirfta@gmail.com)
2025-09-09 06:58:47,230 |     INFO | clever_ai | info:108 | [APP] NLP processor initialized successfully
2025-09-09 06:59:05,554 |     INFO | clever_ai | info:108 | [CONVERSATION] Enhanced Clever conversation engine initialized
2025-09-09 06:59:05,554 |    ERROR | clever_ai | error:128 | [CONVERSATION] Error in process_conversation | Data: {"duration": "0.0001s", "args_count": 5, "kwargs": []} | Error: 'float' object has no attribute 'get'
2025-09-09 06:59:05,555 |    ERROR | clever_ai | error:129 | Traceback: Traceback (most recent call last):
  File "/workspaces/projects/debug_config.py", line 223, in wrapper
    result = func(*args, **kwargs)
             ^^^^^^^^^^^^^^^^^^^^^
  File "/workspaces/projects/clever_conversation_engine.py", line 122, in process_conversation
    insights = self._generate_clever_insights(analysis, context)
               ^^^^^^^^^^^^^^^^^^^^^^^^^^^^^^^^^^^^^^^^^^^^^^^^^
  File "/workspaces/projects/clever_conversation_engine.py", line 562, in _generate_clever_insights
    sentiment = analysis.get('sentiment', {}).get('compound', 0)
                ^^^^^^^^^^^^^^^^^^^^^^^^^^^^^^^^^
AttributeError: 'float' object has no attribute 'get'

2025-09-09 06:59:05,555 |  WARNING | clever_ai | warning:116 | [CONVERSATION] Enhanced conversation engine failed, falling back: 'float' object has no attribute 'get'
2025-09-09 06:59:05,595 |     INFO | clever_ai | info:108 | [APP] Enhanced chat interaction completed successfully
2025-09-09 07:02:09,187 |     INFO | clever_ai | info:108 | [CONVERSATION] Enhanced Clever conversation engine initialized
2025-09-09 07:02:09,187 |    ERROR | clever_ai | error:128 | [CONVERSATION] Error in process_conversation | Data: {"duration": "0.0001s", "args_count": 5, "kwargs": []} | Error: 'float' object has no attribute 'get'
2025-09-09 07:02:09,188 |    ERROR | clever_ai | error:129 | Traceback: Traceback (most recent call last):
  File "/workspaces/projects/debug_config.py", line 223, in wrapper
    result = func(*args, **kwargs)
             ^^^^^^^^^^^^^^^^^^^^^
  File "/workspaces/projects/clever_conversation_engine.py", line 122, in process_conversation
    insights = self._generate_clever_insights(analysis, context)
               ^^^^^^^^^^^^^^^^^^^^^^^^^^^^^^^^^^^^^^^^^^^^^^^^^
  File "/workspaces/projects/clever_conversation_engine.py", line 562, in _generate_clever_insights
    sentiment_data = analysis.get('sentiment', {})
                ^^^^^^^^^^^^^^^^^^^^^^^^^^^^^^^^^
AttributeError: 'float' object has no attribute 'get'

2025-09-09 07:02:09,188 |  WARNING | clever_ai | warning:116 | [CONVERSATION] Enhanced conversation engine failed, falling back: 'float' object has no attribute 'get'
2025-09-09 07:02:09,293 |     INFO | clever_ai | info:108 | [APP] Enhanced chat interaction completed successfully
2025-09-09 07:02:18,849 |     INFO | clever_ai | info:108 | [CONVERSATION] Enhanced Clever conversation engine initialized
2025-09-09 07:02:18,849 |    ERROR | clever_ai | error:128 | [CONVERSATION] Error in process_conversation | Data: {"duration": "0.0000s", "args_count": 5, "kwargs": []} | Error: 'float' object has no attribute 'get'
2025-09-09 07:02:18,850 |    ERROR | clever_ai | error:129 | Traceback: Traceback (most recent call last):
  File "/workspaces/projects/debug_config.py", line 223, in wrapper
    result = func(*args, **kwargs)
             ^^^^^^^^^^^^^^^^^^^^^
  File "/workspaces/projects/clever_conversation_engine.py", line 122, in process_conversation
    insights = self._generate_clever_insights(analysis, context)
               ^^^^^^^^^^^^^^^^^^^^^^^^^^^^^^^^^^^^^^^^^^^^^^^^^
  File "/workspaces/projects/clever_conversation_engine.py", line 562, in _generate_clever_insights
    sentiment_data = analysis.get('sentiment', {})
                ^^^^^^^^^^^^^^^^^^^^^^^^^^^^^^^^^
AttributeError: 'float' object has no attribute 'get'

2025-09-09 07:02:18,850 |  WARNING | clever_ai | warning:116 | [CONVERSATION] Enhanced conversation engine failed, falling back: 'float' object has no attribute 'get'
2025-09-09 07:02:19,254 |     INFO | clever_ai | info:108 | [APP] Enhanced chat interaction completed successfully
2025-09-09 07:02:32,784 |     INFO | clever_ai | info:108 | [CONVERSATION] Enhanced Clever conversation engine initialized
2025-09-09 07:02:32,784 |    ERROR | clever_ai | error:128 | [CONVERSATION] Error in process_conversation | Data: {"duration": "0.0001s", "args_count": 5, "kwargs": []} | Error: 'float' object has no attribute 'get'
2025-09-09 07:02:32,785 |    ERROR | clever_ai | error:129 | Traceback: Traceback (most recent call last):
  File "/workspaces/projects/debug_config.py", line 223, in wrapper
    result = func(*args, **kwargs)
             ^^^^^^^^^^^^^^^^^^^^^
  File "/workspaces/projects/clever_conversation_engine.py", line 122, in process_conversation
    insights = self._generate_clever_insights(analysis, context)
               ^^^^^^^^^^^^^^^^^^^^^^^^^^^^^^^^^^^^^^^^^^^^^^^^^
  File "/workspaces/projects/clever_conversation_engine.py", line 562, in _generate_clever_insights
    sentiment_data = analysis.get('sentiment', {})
                ^^^^^^^^^^^^^^^^^^^^^^^^^^^^^^^^^
AttributeError: 'float' object has no attribute 'get'

2025-09-09 07:02:32,785 |  WARNING | clever_ai | warning:116 | [CONVERSATION] Enhanced conversation engine failed, falling back: 'float' object has no attribute 'get'
2025-09-09 07:02:33,086 |     INFO | clever_ai | info:108 | [APP] Enhanced chat interaction completed successfully
2025-09-09 07:02:48,474 |     INFO | clever_ai | info:108 | [CONVERSATION] Enhanced Clever conversation engine initialized
2025-09-09 07:02:48,474 |    ERROR | clever_ai | error:128 | [CONVERSATION] Error in process_conversation | Data: {"duration": "0.0000s", "args_count": 5, "kwargs": []} | Error: 'float' object has no attribute 'get'
2025-09-09 07:02:48,475 |    ERROR | clever_ai | error:129 | Traceback: Traceback (most recent call last):
  File "/workspaces/projects/debug_config.py", line 223, in wrapper
    result = func(*args, **kwargs)
             ^^^^^^^^^^^^^^^^^^^^^
  File "/workspaces/projects/clever_conversation_engine.py", line 122, in process_conversation
    insights = self._generate_clever_insights(analysis, context)
               ^^^^^^^^^^^^^^^^^^^^^^^^^^^^^^^^^^^^^^^^^^^^^^^^^
  File "/workspaces/projects/clever_conversation_engine.py", line 562, in _generate_clever_insights
    sentiment_data = analysis.get('sentiment', {})
                ^^^^^^^^^^^^^^^^^^^^^^^^^^^^^^^^^
AttributeError: 'float' object has no attribute 'get'

2025-09-09 07:02:48,475 |  WARNING | clever_ai | warning:116 | [CONVERSATION] Enhanced conversation engine failed, falling back: 'float' object has no attribute 'get'
2025-09-09 07:02:48,520 |     INFO | clever_ai | info:108 | [APP] Enhanced chat interaction completed successfully
