2025-09-09 13:22:14,284 |     INFO | clever_ai | setup_logging:91 | 🐛 Clever AI Debug System Initialized
2025-09-09 13:22:14,284 |     INFO | clever_ai | setup_logging:92 | Session ID: 20250909_132214
2025-09-09 13:22:14,285 |     INFO | clever_ai | setup_logging:93 | Debug Level: INFO
2025-09-09 13:22:14,285 |     INFO | clever_ai | info:108 | [HEALTH_MONITOR] System Health Monitor initialized
2025-09-09 13:22:14,285 |     INFO | clever_ai | info:108 | [ERROR_RECOVERY] Error Recovery System initialized
2025-09-09 13:22:14,285 |     INFO | clever_ai | info:108 | [TEST_SUITE] Clever Test Suite initialized
2025-09-09 13:22:14,285 |     INFO | clever_ai | info:108 | [APP] Debug and monitoring systems initialized
2025-09-09 13:22:14,286 |     INFO | clever_ai | info:108 | [APP] Clever AI configured for: Jay (lapirfta@gmail.com)
2025-09-09 13:22:14,461 |     INFO | clever_ai | info:108 | [APP] NLP processor initialized successfully
2025-09-09 13:22:35,648 |     INFO | clever_ai | info:108 | [CONVERSATION] Enhanced Clever conversation engine initialized
2025-09-09 13:22:35,649 |     INFO | clever_ai | info:108 | [CONVERSATION] Enhanced conversation processing - approach: witty_quick_hit, mood: curious
2025-09-09 13:22:35,915 |     INFO | clever_ai | info:108 | [APP] Enhanced chat interaction completed successfully
2025-09-09 13:23:01,176 |     INFO | clever_ai | info:108 | [CONVERSATION] Enhanced Clever conversation engine initialized
2025-09-09 13:23:01,176 |     INFO | clever_ai | info:108 | [CONVERSATION] Enhanced conversation processing - approach: witty_quick_hit, mood: curious
2025-09-09 13:23:01,245 |     INFO | clever_ai | info:108 | [APP] Enhanced chat interaction completed successfully
2025-09-09 13:23:19,831 |     INFO | clever_ai | info:108 | [CONVERSATION] Enhanced Clever conversation engine initialized
2025-09-09 13:23:19,831 |     INFO | clever_ai | info:108 | [CONVERSATION] Enhanced conversation processing - approach: witty_quick_hit, mood: excited
2025-09-09 13:23:20,282 |     INFO | clever_ai | info:108 | [APP] Enhanced chat interaction completed successfully
2025-09-09 13:23:40,713 |     INFO | clever_ai | info:108 | [CONVERSATION] Enhanced Clever conversation engine initialized
2025-09-09 13:23:40,713 |     INFO | clever_ai | info:108 | [CONVERSATION] Enhanced conversation processing - approach: witty_quick_hit, mood: curious
2025-09-09 13:23:40,929 |     INFO | clever_ai | info:108 | [APP] Enhanced chat interaction completed successfully
2025-09-09 13:24:08,390 |     INFO | clever_ai | info:108 | [CONVERSATION] Enhanced Clever conversation engine initialized
2025-09-09 13:24:08,391 |     INFO | clever_ai | info:108 | [CONVERSATION] Enhanced conversation processing - approach: strategic_deep_dive, mood: curious
2025-09-09 13:24:10,112 |     INFO | clever_ai | info:108 | [APP] Enhanced chat interaction completed successfully
2025-09-09 13:24:37,863 |     INFO | clever_ai | info:108 | [CONVERSATION] Enhanced Clever conversation engine initialized
2025-09-09 13:24:37,863 |     INFO | clever_ai | info:108 | [CONVERSATION] Enhanced conversation processing - approach: witty_quick_hit, mood: curious
2025-09-09 13:24:38,159 |     INFO | clever_ai | info:108 | [APP] Enhanced chat interaction completed successfully
